<?xml version="1.0" encoding="UTF-8"?>
<testsuite name="com.example.android.examdutyalterationhelper.PrevalentTest" tests="5" skipped="0" failures="0" errors="0" timestamp="2020-03-14T13:38:58" hostname="manojkumar" time="0.005">
  <properties/>
  <testcase name="Usercheck" classname="com.example.android.examdutyalterationhelper.PrevalentTest" time="0.002"/>
  <testcase name="Pwdcheck" classname="com.example.android.examdutyalterationhelper.PrevalentTest" time="0.0"/>
  <testcase name="Emailcheck" classname="com.example.android.examdutyalterationhelper.PrevalentTest" time="0.001"/>
  <testcase name="classcheck" classname="com.example.android.examdutyalterationhelper.PrevalentTest" time="0.0"/>
  <testcase name="Phcheck" classname="com.example.android.examdutyalterationhelper.PrevalentTest" time="0.0"/>
  <system-out><![CDATA[Testcase: 1 inititiated
Testcase: 1 compiled 
Testcase: 2 inititiated
Testcase: 2 compiled 
Testcase: 3 inititiated
Testcase: 3 compiled 
Testcase: 4 inititiated
Testcase: 4 compiled 
Testcase: 5 inititiated
Testcase: 5 compiled 
]]></system-out>
  <system-err><![CDATA[]]></system-err>
</testsuite>
